calculating mesh of size 121212 for produ_traj_1000.mfpx
       0.000    9206.9299385      0.0000000      0.0000000
      10.000    9206.8868395     17.2017977     47.7291987
      20.000    9206.3685802     96.1559417    211.4385589
      30.000    9204.8160720    219.5958071    412.2718830
      40.000    9201.9032219    365.4185849    608.8944650
      50.000    9197.4752923    521.1588522    791.2073955
      60.000    9191.4685769    680.4387655    958.8217883
      70.000    9183.8656628    840.0254601   1113.7693478
      80.000    9174.6725716    998.2869415   1258.2732841
      90.000    9163.9070868   1154.4131631   1394.1719181
     100.000    9151.5927176   1308.0240577   1522.9093910
     110.000    9137.7554925   1458.9732162   1645.6681975
     120.000    9122.4221745   1607.2486267   1763.4807365
     130.000    9105.6192056   1752.9200008   1877.2839761
     140.000    9087.3720557   1896.1080269   1987.9312297
     150.000    9067.7048195   2036.9642723   2096.1840238
     160.000    9046.6399830   2175.6568877   2202.7006470
     170.000    9024.1983129   2312.3600781   2308.0294675
     180.000    9000.3988369   2447.2463991   2412.6091119
     190.000    8975.2588884   2580.4813144   2516.7745436
     200.000    8948.7941980   2712.2195715   2620.7670638
     210.000    8921.0190115   2842.6030065   2724.7463083
     220.000    8891.9462263   2971.7594359   2828.8027753
     230.000    8861.5875330   3099.8023455   2932.9699281
     240.000    8829.9535582   3226.8311417   3037.2353386
     250.000    8797.0540026   3352.9317836   3141.5506286
     260.000    8762.8977705   3478.1776561   3245.8401498
     270.000    8727.4930914   3602.6305830   3350.0084439
     280.000    8690.8476298   3726.3419066   3453.9465734
     290.000    8652.9685845   3849.3535814   3557.5374307
     300.000    8613.8627774   3971.6992479   3660.6601376
     310.000    8573.5367311   4093.4052597   3763.1936377
     320.000    8531.9967370   4214.4916514   3865.0195804
     330.000    8489.2489142   4334.9730356   3966.0245830
     340.000    8445.2992592   4454.8594263   4066.1019522
     350.000    8400.1536881   4574.1569847   4165.1529384
     360.000    8353.8180720   4692.8686908   4263.0875893
     370.000    8306.2982656   4810.9949405   4359.8252657
     380.000    8257.6001301   4928.5340736   4455.2948735
     390.000    8207.7295519   5045.4828360   4549.4348640
     400.000    8156.6924560   5161.8367808   4642.1930477
     410.000    8104.4948166   5277.5906133   4733.5262604
     420.000    8051.1426636   5392.7384854   4823.3999194
     430.000    7996.6420873   5507.2742436   4911.7874982
     440.000    7940.9992400   5621.1916355   4998.6699476
     450.000    7884.2203364   5734.4844803   5084.0350839
     460.000    7826.3116521   5847.1468065   5167.8769633
     470.000    7767.2795209   5959.1729612   5250.1952575
     480.000    7707.1303310   6070.5576952   5330.9946411
     490.000    7645.8705210   6181.2962270   5410.2842016
     500.000    7583.5065748   6291.3842880   5488.0768773
     510.000    7520.0450160   6400.8181531   5564.3889285
     520.000    7455.4924030   6509.5946583   5639.2394455
     530.000    7389.8553227   6617.7112072   5712.6498947
     540.000    7323.1403855   6725.1657692   5784.6437031
     550.000    7255.3542190   6831.9568705   5855.2458823
     560.000    7186.5034628   6938.0835792   5924.4826892
     570.000    7116.5947634   7043.5454867   5992.3813241
     580.000    7045.6347688   7148.3426847   6058.9696620
     590.000    6973.6301236   7252.4757410   6124.2760170
     600.000    6900.5874645   7355.9456729   6188.3289370
     610.000    6826.5134158   7458.7539196   6251.1570251
     620.000    6751.4145856   7560.9023151   6312.7887876
     630.000    6675.2975617   7662.3930593   6373.2525042
     640.000    6598.1689082   7763.2286915   6432.5761196
     650.000    6520.0351621   7863.4120628   6490.7871533
     660.000    6440.9028307   7962.9463101   6547.9126264
     670.000    6360.7783884   8061.8348311   6603.9790031
     680.000    6279.6682744   8160.0812602   6659.0121447
     690.000    6197.5788907   8257.6894456   6713.0372758
     700.000    6114.5165995   8354.6634275   6766.0789595
     710.000    6030.4877221   8451.0074180   6818.1610815
     720.000    5945.4985366   8546.7257815   6869.3068416
     730.000    5859.5552769   8641.8230174   6919.5387509
     740.000    5772.6641313   8736.3037428   6968.8786347
     750.000    5684.8312414   8830.1726774   7017.3476392
     760.000    5596.0627010   8923.4346291   7064.9662425
     770.000    5506.3645558   9016.0944805   7111.7542675
     780.000    5415.7428019   9108.1571769   7157.7308979
     790.000    5324.2033861   9199.6277151   7202.9146955
     800.000    5231.7522047   9290.5111328   7247.3236190
     810.000    5138.3951036   9380.8124998   7290.9750440
     820.000    5044.1378779   9470.5369086   7333.8857826
     830.000    4948.9862716   9559.6894673   7376.0721050
     840.000    4852.9459777   9648.2752919   7417.5497593
     850.000    4756.0226378   9736.2995005   7458.3339929
     860.000    4658.2218427   9823.7672069   7498.4395726
     870.000    4559.5491317   9910.6835156   7537.8808046
     880.000    4460.0099934   9997.0535172   7576.6715544
     890.000    4359.6098655  10082.8822837   7614.8252652
     900.000    4258.3541350  10168.1748654   7652.3549769
     910.000    4156.2481387  10252.9362869   7689.2733432
     920.000    4053.2971631  10337.1715443   7725.5926493
     930.000    3949.5064451  10420.8856027   7761.3248276
     940.000    3844.8811720  10504.0833937   7796.4814735
     950.000    3739.4264818  10586.7698131   7831.0738602
     960.000    3633.1474641  10668.9497197   7865.1129528
     970.000    3526.0491597  10750.6279329   7898.6094218
     980.000    3418.1365618  10831.8092321   7931.5736557
     990.000    3309.4146157  10912.4983553   7964.0157731
    1000.000    3199.8882196  10992.6999976   7995.9456340
