calculating mesh of size 121212 for produ_traj_1000.mfpx
       0.000    9196.9091255      0.0000000      0.0000000
      10.000    9196.8765720     13.7258586     41.7714842
      20.000    9196.4158071     88.8316566    207.5477516
      30.000    9194.9423781    211.4178411    412.1656758
      40.000    9192.1097990    357.6821164    612.1430250
      50.000    9187.7543742    514.4613322    797.2950185
      60.000    9181.8081592    675.0683513    967.2927209
      70.000    9174.2517222    836.1133498   1124.1984502
      80.000    9165.0902698    995.8720537   1270.2311381
      90.000    9154.3415167   1153.4743662   1407.2302568
     100.000    9142.0293958   1308.5005944   1536.6664283
     110.000    9128.1806773   1460.7797517   1659.7717998
     120.000    9112.8230515   1610.2866287   1777.6409117
     130.000    9095.9839758   1757.0860414   1891.2750144
     140.000    9077.6899543   1901.2994998   2001.5868829
     150.000    9057.9660875   2043.0830571   2109.3891335
     160.000    9036.8358110   2182.6114807   2215.3816808
     170.000    9014.3207686   2320.0666368   2320.1454298
     180.000    8990.4407865   2455.6290565   2424.1435502
     190.000    8965.2139177   2589.4720277   2527.7289004
     200.000    8938.6565355   2721.7576956   2631.1553571
     210.000    8910.7834576   2852.6347196   2734.5909985
     220.000    8881.6080882   2982.2371041   2838.1316291
     230.000    8851.1425660   3110.6838787   2941.8136889
     240.000    8819.3979133   3238.0793747   3045.6260323
     250.000    8786.3841802   3364.5138993   3149.5203601
     260.000    8752.1105799   3490.0646594   3253.4202727
     270.000    8716.5856145   3614.7968284   3357.2290099
     280.000    8679.8171900   3738.7646784   3460.8359889
     290.000    8641.8127193   3862.0127242   3564.1222663
     300.000    8602.5792144   3984.5768418   3666.9650457
     310.000    8562.1233671   4106.4853372   3769.2413484
     320.000    8520.4516200   4227.7599511   3870.8309502
     330.000    8477.5702268   4348.4167884   3971.6186786
     340.000    8433.4853053   4468.4671693   4071.4961566
     350.000    8388.2028803   4587.9184009   4170.3630689
     360.000    8341.7289208   4706.7744698   4268.1280206
     370.000    8294.0693702   4825.0366576   4364.7090525
     380.000    8245.2301700   4942.7040856   4460.0338705
     390.000    8195.2172794   5059.7741904   4554.0398392
     400.000    8144.0366900   5176.2431373   4646.6737887
     410.000    8091.6944363   5292.1061755   4737.8916731
     420.000    8038.1966040   5407.3579413   4827.6581175
     430.000    7983.5493341   5521.9927134   4915.9458850
     440.000    7927.7588259   5636.0046268   5002.7352895
     450.000    7870.8313373   5749.3878481   5088.0135758
     460.000    7812.7731835   5862.1367185   5171.7742878
     470.000    7753.5907353   5974.2458672   5254.0166365
     480.000    7693.2904153   6085.7103000   5334.7448820
     490.000    7631.8786936   6196.5254664   5413.9677379
     500.000    7569.3620838   6306.6873079   5491.6978044
     510.000    7505.7471370   6416.1922904   5567.9510353
     520.000    7441.0404375   6525.0374241   5642.7462421
     530.000    7375.2485962   6633.2202720   5716.1046370
     540.000    7308.3782460   6740.7389491   5788.0494141
     550.000    7240.4360357   6847.5921153   5858.6053713
     560.000    7171.4286248   6953.7789616   5927.7985688
     570.000    7101.3626786   7059.2991919   5995.6560248
     580.000    7030.2448625   7164.1530021   6062.2054459
     590.000    6958.0818378   7268.3410556   6127.4749896
     600.000    6884.8802569   7371.8644583   6191.4930580
     610.000    6810.6467591   7474.7247311   6254.2881182
     620.000    6735.3879664   7576.9237835   6315.8885493
     630.000    6659.1104799   7678.4638856   6376.3225118
     640.000    6581.8208765   7779.3476413   6435.6178388
     650.000    6503.5257053   7879.5779621   6493.8019449
     660.000    6424.2314848   7979.1580407   6550.9017528
     670.000    6343.9447005   8078.0913267   6606.9436341
     680.000    6262.6718020   8176.3815028   6661.9533633
     690.000    6180.4192011   8274.0324621   6715.9560831
     700.000    6097.1932699   8371.0482866   6768.9762799
     710.000    6013.0003384   8467.4332276   6821.0377672
     720.000    5927.8466936   8563.1916858   6872.1636769
     730.000    5841.7385778   8658.3281945   6922.3764566
     740.000    5754.6821874   8752.8474026   6971.6978718
     750.000    5666.6836716   8846.7540597   7020.1490130
     760.000    5577.7491319   8940.0530012   7067.7503059
     770.000    5487.8846210   9032.7491360   7114.5215244
     780.000    5397.0961420   9124.8474337   7160.4818067
     790.000    5305.3896484   9216.3529141   7205.6496718
     800.000    5212.7710429   9307.2706365   7250.0430391
     810.000    5119.2461779   9397.6056908   7293.6792469
     820.000    5024.8208543   9487.3631889   7336.5750734
     830.000    4929.5008222   9576.5482566   7378.7467569
     840.000    4833.2917802   9665.1660272   7420.2100162
     850.000    4736.1993755   9753.2216345   7460.9800717
     860.000    4638.2292042   9840.7202078   7501.0716652
     870.000    4539.3868111   9927.6668658   7540.4990801
     880.000    4439.6776896  10014.0667127   7579.2761605
     890.000    4339.1072826  10099.9248336   7617.4163307
     900.000    4237.6809818  10185.2462911   7654.9326128
     910.000    4135.4041288  10270.0361214   7691.8376448
     920.000    4032.2820148  10354.2993319   7728.1436971
     930.000    3928.3198810  10438.0408983   7763.8626893
     940.000    3823.5229192  10521.2657623   7799.0062048
     950.000    3717.8962717  10603.9788296   7833.5855063
     960.000    3611.4450323  10686.1849681   7867.6115495
     970.000    3504.1742460  10767.8890063   7901.0949966
     980.000    3396.0889099  10849.0957323   7934.0462287
     990.000    3287.1939733  10929.8098921   7966.4753578
    1000.000    3177.4943383  11010.0361890   7998.3922385
