calculating mesh of size 121212 for produ_traj_1000.mfpx
       0.000    9193.9121041      0.0000000      0.0000000
      10.000    9193.8761089     15.6353685     47.9165307
      20.000    9193.3640681     96.9900674    218.4620416
      30.000    9191.7842187    224.3373226    424.7471157
      40.000    9188.8031239    374.3008956    624.9589277
      50.000    9184.2671093    533.8033700    808.6136538
      60.000    9178.1175112    696.2762131    976.3146305
      70.000    9170.3424766    858.5335145   1130.8766179
      80.000    9160.9527396   1019.0465866   1274.8714270
      90.000    9149.9697943   1177.0976394   1410.2493896
     100.000    9137.4200515   1332.3761220   1538.4810408
     110.000    9123.3318452   1484.7864719   1660.7542725
     120.000    9107.7338041   1634.3545467   1778.1046957
     130.000    9090.6539042   1781.1790857   1891.4726712
     140.000    9072.1188921   1925.4035622   2001.7138332
     150.000    9052.1539355   2067.1977012   2109.5900632
     160.000    9030.7824304   2206.7442504   2215.7580631
     170.000    9008.0259220   2344.2292132   2320.7632471
     180.000    8983.9041100   2479.8347280   2425.0406366
     190.000    8958.4349133   2613.7340869   2528.9215483
     200.000    8931.6345765   2746.0884814   2632.6440088
     210.000    8903.5178012   2877.0451016   2736.3649681
     220.000    8874.0978910   3006.7362603   2840.1728898
     230.000    8843.3869016   3135.2792629   2944.0998134
     240.000    8811.3957891   3262.7767983   3048.1324016
     250.000    8778.1345530   3389.3176771   3152.2217634
     260.000    8743.6123702   3514.9777858   3256.2920174
     270.000    8707.8377186   3639.8211611   3360.2476487
     280.000    8670.8184906   3763.9011166   3463.9797558
     290.000    8632.5620943   3887.2613727   3567.3712989
     300.000    8593.0755439   4009.9371579   3670.3014543
     310.000    8552.3655394   4131.9562592   3772.6491819
     320.000    8510.4385359   4253.3400074   3874.2960934
     330.000    8467.3008039   4374.1041898   3975.1287112
     340.000    8422.9584800   4494.2598859   4075.0401909
     350.000    8377.4176104   4613.8142249   4173.9315823
     360.000    8330.6841869   4732.7710667   4271.7126918
     370.000    8282.7641765   4851.1316074   4368.3026067
     380.000    8233.6635453   4968.8949158   4463.6299378
     390.000    8183.3882774   5086.0584018   4557.6328281
     400.000    8131.9443894   5202.6182242   4650.2587741
     410.000    8079.3379409   5318.5696415   4741.4642991
     420.000    8025.5750423   5433.9073114   4831.2145148
     430.000    7970.6618594   5548.6255431   4919.4826001
     440.000    7914.6046157   5662.7185086   5006.2492252
     450.000    7857.4095928   5776.1804169   5091.5019422
     460.000    7799.0831296   5889.0056545   5175.2345613
     470.000    7739.6316197   6001.1888989   5257.4465260
     480.000    7679.0615082   6112.7252055   5338.1423019
     490.000    7617.3792871   6223.6100742   5417.3307854
     500.000    7554.5914915   6333.8394976   5495.0247415
     510.000    7490.7046937   6443.4099927   5571.2402741
     520.000    7425.7254980   6552.3186205   5645.9963326
     530.000    7359.6605355   6660.5629945   5719.3142575
     540.000    7292.5164584   6768.1412799   5791.2173632
     550.000    7224.2999346   6875.0521857   5861.7305611
     560.000    7155.0176419   6981.2949517   5930.8800191
     570.000    7084.6762636   7086.8693299   5998.6928582
     580.000    7013.2824825   7191.7755634   6065.1968835
     590.000    6940.8429771   7296.0143620   6130.4203471
     600.000    6867.3644163   7399.5868773   6194.3917416
     610.000    6792.8534553   7502.4946752   6257.1396216
     620.000    6717.3167320   7604.7397090   6318.6924500
     630.000    6640.7608627   7706.3242923   6379.0784677
     640.000    6563.1924389   7807.2510715   6438.3255851
     650.000    6484.6180241   7907.5229996   6496.4612908
     660.000    6405.0441510   8007.1433104   6553.5125779
     670.000    6324.4773184   8106.1154934   6609.5058855
     680.000    6242.9239892   8204.4432706   6664.4670520
     690.000    6160.3905879   8302.1305735   6718.4212809
     700.000    6076.8834989   8399.1815218   6771.3931159
     710.000    5992.4090644   8495.6004036   6823.4064248
     720.000    5906.9735829   8591.3916556   6874.4843904
     730.000    5820.5833081   8686.5598463   6924.6495079
     740.000    5733.2444473   8781.1096592   6973.9235876
     750.000    5644.9631603   8875.0458771   7022.3277612
     760.000    5555.7455588   8968.3733685   7069.8824930
     770.000    5465.5977055   9061.0970741   7116.6075923
     780.000    5374.5256133   9153.2219948   7162.5222300
     790.000    5282.5352448   9244.7531807   7207.6449551
     800.000    5189.6325118   9335.6957209   7251.9937139
     810.000    5095.8232754   9426.0547339   7295.5858696
     820.000    5001.1133451   9515.8353596   7338.4382223
     830.000    4905.5084790   9605.0427512   7380.5670302
     840.000    4809.0143837   9693.6820686   7421.9880297
     850.000    4711.6367140   9781.7584713   7462.7164565
     860.000    4613.3810735   9869.2771135   7502.7670657
     870.000    4514.2530138   9956.2431384   7542.1541520
     880.000    4414.2580357  10042.6616738   7580.8915694
     890.000    4313.4015883  10128.5378276   7618.9927497
     900.000    4211.6890701  10213.8766846   7656.4707214
     910.000    4109.1258287  10298.6833027   7693.3381272
     920.000    4005.7171614  10382.9627099   7729.6072409
     930.000    3901.4683152  10466.7199024   7765.2899837
     940.000    3796.3844875  10549.9598412   7800.3979401
     950.000    3690.4708262  10632.6874512   7834.9423722
     960.000    3583.7324300  10714.9076186   7868.9342343
     970.000    3476.1743491  10796.6251898   7902.3841861
     980.000    3367.8015855  10877.8449698   7935.3026052
     990.000    3258.6190931  10958.5717213   7967.6995996
    1000.000    3148.6317787  11038.8101639   7999.5850189
