calculating mesh of size 121212 for produ_traj_1000.mfpx
       0.000    9200.2366512      0.0000000      0.0000000
      10.000    9200.1835471     17.4381157     43.4948948
      20.000    9199.6810172     93.1553324    207.1498294
      30.000    9198.1665232    215.2374156    410.2392679
      40.000    9195.2990086    360.8447867    609.4276166
      50.000    9190.9155692    516.8733340    793.0624275
      60.000    9184.9498703    676.5117716    960.7359741
      70.000    9177.3848473    836.3513026   1115.0499771
      80.000    9168.2278095    994.7288599   1258.7044944
      90.000    9157.4978091   1150.8586428   1393.8080441
     100.000    9145.2192980   1304.3972862   1521.9245149
     110.000    9131.4188914   1455.2315585   1644.2705597
     120.000    9116.1236447   1603.3748578   1761.8699594
     130.000    9099.3600775   1748.9146474   1875.6323380
     140.000    9081.1535924   1891.9831051   1986.3774808
     150.000    9061.5281268   2032.7385668   2094.8334283
     160.000    9040.5059596   2171.3525609   2201.6279475
     170.000    9018.1076293   2308.0003249   2307.2830640
     180.000    8994.3519329   2442.8538898   2412.2155709
     190.000    8969.2559844   2576.0772169   2516.7429713
     200.000    8942.8353123   2707.8229900   2621.0931009
     210.000    8915.1039831   2838.2307133   2725.4156306
     220.000    8886.0747385   2967.4258034   2829.7940590
     230.000    8855.7591371   3095.5194109   2934.2572877
     240.000    8824.1676964   3222.6087541   3038.7902734
     250.000    8791.3100283   3348.7777970   3143.3435319
     260.000    8757.1949681   3474.0981440   3247.8414406
     270.000    8721.8306924   3598.6300574   3352.1893835
     280.000    8685.2248275   3722.4235297   3456.2798258
     290.000    8647.3845464   3845.5193642   3559.9974196
     300.000    8608.3166559   3967.9502300   3663.2232464
     310.000    8568.0276725   4089.7416715   3765.8382925
     320.000    8526.5238888   4210.9130557   3867.7262467
     330.000    8483.8114309   4331.4784516   3968.7757033
     340.000    8439.8963074   4451.4474354   4068.8818437
     350.000    8394.7844505   4570.8258217   4167.9476670
     360.000    8348.4817503   4689.6163201   4265.8848314
     370.000    8300.9940828   4807.8191208   4362.6141652
     380.000    8252.3273327   4925.4324116   4458.0659017
     390.000    8202.4874107   5042.4528307   4552.1796845
     400.000    8151.4802673   5158.8758606   4644.9043899
     410.000    8099.3119025   5274.6961660   4736.1978030
     420.000    8045.9883726   5389.9078826   4826.0261836
     430.000    7991.5157940   5504.5048606   4914.3637518
     440.000    7935.9003453   5618.4808673   5001.1921189
     450.000    7879.1482671   5731.8297541   5086.4996847
     460.000    7821.2658604   5844.5455916   5170.2810213
     470.000    7762.2594841   5956.6227769   5252.5362560
     480.000    7702.1355511   6068.0561167   5333.2704663
     490.000    7640.9005237   6178.8408895   5412.4930961
     500.000    7578.5609093   6288.9728900   5490.2173989
     510.000    7515.1232541   6398.4484585   5566.4599149
     520.000    7450.5941386   6507.2644978   5641.2399825
     530.000    7384.9801711   6615.4184788   5714.5792884
     540.000    7318.2879825   6722.9084385   5786.5014559
     550.000    7250.5242205   6829.7329701   5857.0316708
     560.000    7181.6955441   6935.8912083   5926.1963460
     570.000    7111.8086185   7041.3828100   5994.0228200
     580.000    7040.8701096   7146.2079314   6060.5390918
     590.000    6968.8866794   7250.3672034   6125.7735861
     600.000    6895.8649814   7353.8617049   6189.7549489
     610.000    6821.8116562   7456.6929355   6252.5118715
     620.000    6746.7333274   7558.8627876   6314.0729384
     630.000    6670.6365976   7660.3735182   6374.4664990
     640.000    6593.5280455   7761.2277217   6433.7205597
     650.000    6515.4142219   7861.4283030   6491.8626950
     660.000    6436.3016475   7960.9784509   6548.9199745
     670.000    6356.1968096   8059.8816135   6604.9189047
     680.000    6275.1061596   8158.1414738   6659.8853845
     690.000    6193.0361115   8255.7619269   6713.8446709
     700.000    6109.9930389   8352.7470587   6766.8213550
     710.000    6025.9832739   8449.1011250   6818.8393467
     720.000    5941.0131052   8544.8285326   6869.9218660
     730.000    5855.0887770   8639.9338218   6920.0914411
     740.000    5768.2164870   8734.4216490   6969.3699110
     750.000    5680.4023863   8828.2967720   7017.7784333
     760.000    5591.6525778   8921.5640351   7065.3374943
     770.000    5501.9731154   9014.2283564   7112.0669232
     780.000    5411.3700039   9106.2947149   7157.9859075
     790.000    5319.8491976   9197.7681403   7203.1130111
     800.000    5227.4166006   9288.6537018   7247.4661930
     810.000    5134.0780661   9378.9564993   7291.0628271
     820.000    5039.8393961   9468.6816546   7333.9197229
     830.000    4944.7063414   9557.8343038   7376.0531460
     840.000    4848.6846012   9646.4195899   7417.4788393
     850.000    4751.7798236   9734.4426569   7458.2120435
     860.000    4653.9976050   9821.9086437   7498.2675178
     870.000    4555.3434906   9908.8226786   7537.6595602
     880.000    4455.8229743   9995.1898754   7576.4020266
     890.000    4355.4414989  10081.0153283   7614.5083505
     900.000    4254.2044566  10166.3041089   7651.9915611
     910.000    4152.1171888  10251.0612622   7688.8643012
     920.000    4049.1849867  10335.2918043   7725.1388442
     930.000    3945.4130915  10419.0007190   7760.8271107
     940.000    3840.8066946  10502.1929560   7795.9406836
     950.000    3735.3709382  10584.8734289   7830.4908235
     960.000    3629.1109156  10667.0470131   7864.4884828
     970.000    3522.0316715  10748.7185442   7897.9443187
     980.000    3414.1382023  10829.8928171   7930.8687066
     990.000    3305.4354568  10910.5745847   7963.2717517
    1000.000    3195.9283366  10990.7685566   7995.1633006
