calculating mesh of size 121212 for produ_traj_1000.mfpx
       0.000    9138.0565668      0.0000000      0.0000000
      10.000    9137.9539676     38.6393652     96.5306811
      20.000    9136.9491558    172.6235820    319.0121193
      30.000    9134.3837829    343.5502025    535.5411720
      40.000    9130.0448821    524.9187698    731.1045330
      50.000    9123.8828666    707.2197867    906.2175889
      60.000    9115.9102139    886.6764134   1064.7675453
      70.000    9106.1635119   1061.9123994   1210.7312364
      80.000    9094.6872446   1232.5773803   1347.0656970
      90.000    9081.5269976   1398.7369940   1475.7700650
     100.000    9066.7267894   1560.6126871   1598.2308998
     110.000    9050.3281127   1718.4781356   1715.5159685
     120.000    9032.3696341   1872.6213764   1828.5452101
     130.000    9012.8871280   2023.3316322   1938.1608342
     140.000    8991.9134941   2170.8938486   2045.1389151
     150.000    8969.4788201   2315.5849526   2150.1772027
     160.000    8945.6104790   2457.6703571   2253.8797959
     170.000    8920.3332610   2597.4007491   2356.7477285
     180.000    8893.6695341   2735.0094839   2459.1774692
     190.000    8865.6394272   2870.7107897   2561.4660451
     200.000    8836.2610270   3004.6988173   2663.8205080
     210.000    8805.5505800   3137.1474455   2766.3696125
     220.000    8773.5226939   3268.2106946   2869.1761176
     230.000    8740.1905320   3398.0235896   2972.2486934
     240.000    8705.5659975   3526.7033284   3075.5528721
     250.000    8669.6599052   3654.3506336   3179.0207914
     260.000    8632.4821391   3781.0511981   3282.5596724
     270.000    8594.0417952   3906.8771536   3386.0590776
     280.000    8554.3473101   4031.8885163   3489.3970422
     290.000    8513.4065749   4156.1345754   3592.4451926
     300.000    8471.2270358   4279.6552044   3695.0729631
     310.000    8427.8157825   4402.4820828   3797.1510187
     320.000    8383.1796239   4524.6398205   3898.5539797
     330.000    8337.3251541   4646.1469842   3999.1625372
     340.000    8290.2588075   4767.0170252   4098.8650400
     350.000    8241.9869064   4887.2591120   4197.5586259
     360.000    8192.5156994   5006.8788721   4295.1499639
     370.000    8141.8513940   5125.8790477   4391.5556681
     380.000    8090.0001821   5244.2600712   4486.7024395
     390.000    8036.9682608   5362.0205669   4580.5269851
     400.000    7982.7618482   5479.1577842   4672.9757587
     410.000    7927.3871952   5595.6679700   4764.0045637
     420.000    7870.8505937   5711.5466846   4853.5780529
     430.000    7813.1583826   5826.7890680   4941.6691545
     440.000    7754.3169503   5941.3900618   5028.2584501
     450.000    7694.3327362   6055.3445921   5113.3335270
     460.000    7633.2122298   6168.6477173   5196.8883215
     470.000    7570.9619689   6281.2947464   5278.9224674
     480.000    7507.5885364   6393.2813314   5359.4406626
     490.000    7443.0985569   6504.6035367   5438.4520598
     500.000    7377.4986919   6615.2578903   5515.9696897
     510.000    7310.7956352   6725.2414185   5592.0099208
     520.000    7242.9961079   6834.5516667   5666.5919570
     530.000    7174.1068527   6943.1867099   5739.7373767
     540.000    7104.1346291   7051.1451530   5811.4697117
     550.000    7033.0862079   7158.4261245   5881.8140668
     560.000    6960.9683661   7265.0292643   5950.7967782
     570.000    6887.7878817   7370.9547058   6018.4451091
     580.000    6813.5515290   7476.2030558   6084.7869806
     590.000    6738.2660740   7580.7753714   6149.8507359
     600.000    6661.9382701   7684.6731346   6213.6649345
     610.000    6584.5748536   7787.8982268   6276.2581751
     620.000    6506.1825403   7890.4529019   6337.6589442
     630.000    6426.7680217   7992.3397595   6397.8954872
     640.000    6346.3379615   8093.5617188   6456.9957019
     650.000    6264.8989929   8194.1219924   6514.9870491
     660.000    6182.4577157   8294.0240614   6571.8964812
     670.000    6099.0206933   8393.2716507   6627.7503850
     680.000    6014.5944511   8491.8687064   6682.5745372
     690.000    5929.1854739   8589.8193732   6736.3940715
     700.000    5842.8002039   8687.1279741   6789.2334555
     710.000    5755.4450397   8783.7989902   6841.1164759
     720.000    5667.1263340   8879.8370424   6892.0662309
     730.000    5577.8503929   8975.2468744   6942.1051284
     740.000    5487.6234744   9070.0333364   6991.2548901
     750.000    5396.4517876   9164.2013704   7039.5365587
     760.000    5304.3414917   9257.7559963   7086.9705094
     770.000    5211.2986954   9350.7022990   7133.5764639
     780.000    5117.3294564   9443.0454173   7179.3735066
     790.000    5022.4397804   9534.7905324   7224.3801025
     800.000    4926.6356217   9625.9428588   7268.6141163
     810.000    4829.9228818   9716.5076346   7312.0928325
     820.000    4732.3074100   9806.4901141   7354.8329759
     830.000    4633.7950029   9895.8955596   7396.8507323
     840.000    4534.3914047   9984.7292355   7438.1617695
     850.000    4434.1023066  10072.9964013   7478.7812584
     860.000    4332.9333475  10160.7023070   7518.7238928
     870.000    4230.8901139  10247.8521874   7558.0039100
     880.000    4127.9781398  10334.4512582   7596.6351101
     890.000    4024.2029074  10420.5047119   7634.6308748
     900.000    3919.5698471  10506.0177141   7672.0041862
     910.000    3814.0843375  10590.9954005   7708.7676440
     920.000    3707.7517064  10675.4428741   7744.9334825
     930.000    3600.5772305  10759.3652029   7780.5135868
     940.000    3492.5661361  10842.7674174   7815.5195082
     950.000    3383.7235992  10925.6545091   7849.9624790
     960.000    3274.0547465  11008.0314286   7883.8534264
     970.000    3163.5646549  11089.9030845   7917.2029858
     980.000    3052.2583528  11171.2743416   7950.0215134
     990.000    2940.1408200  11252.1500209   7982.3190979
    1000.000    2827.2169884  11332.5348975   8014.1055720
