calculating mesh of size 121212 for produ_traj_1000.mfpx
       0.000    9204.9035096      0.0000000      0.0000000
      10.000    9204.8609158     17.3945964     49.6786221
      20.000    9204.3295130     98.4271832    213.9746794
      30.000    9202.7510274    222.2774980    411.7027686
      40.000    9199.8131444    367.6898857    606.7934969
      50.000    9195.3651685    522.8998453    788.6536178
      60.000    9189.3434576    681.7121821    956.3023707
      70.000    9181.7297415    840.9290073   1111.5242635
      80.000    9172.5290655    998.9150639   1256.4119421
      90.000    9161.7583364   1154.8458444   1392.7226941
     100.000    9149.4403465   1308.3247602   1521.8551396
     110.000    9135.6005663   1459.1905518   1644.9718961
     120.000    9120.2653349   1607.4192482   1763.1011743
     130.000    9103.4607753   1753.0714957   1877.1835989
     140.000    9085.2121166   1896.2613333   1988.0789413
     150.000    9065.5432694   2037.1355158   2096.5552465
     160.000    9044.4765770   2175.8587024   2203.2761661
     170.000    9022.0326931   2312.6025232   2308.7939396
     180.000    8998.2305549   2447.5375821   2413.5496777
     190.000    8973.0874231   2580.8278110   2517.8797255
     200.000    8946.6189684   2712.6267117   2622.0259847
     210.000    8918.8393891   2843.0750731   2726.1482006
     220.000    8889.7615441   2972.2998091   2830.3367213
     230.000    8859.3970944   3100.4136141   2934.6247700
     240.000    8827.7566444   3227.5151944   3038.9997026
     250.000    8794.8498788   3353.6898876   3143.4130179
     260.000    8760.6856922   3479.0105276   3247.7890728
     270.000    8725.2723094   3603.5384527   3352.0325529
     280.000    8688.6173948   3727.3245801   3456.0347986
     290.000    8650.7281510   3850.4104963   3559.6790993
     300.000    8611.6114070   3972.8295259   3662.8450726
     310.000    8571.2736957   4094.6077556   3765.4122353
     320.000    8529.7213213   4215.7649976   3867.2628657
     330.000    8486.9604171   4336.3156826   3968.2842456
     340.000    8442.9969961   4456.2696789   4068.3703644
     350.000    8397.8369920   4575.6330350   4167.4231578
     360.000    8351.4862943   4694.4086466   4265.3533497
     370.000    8303.9507769   4812.5968506   4362.0809576
     380.000    8255.2363208   4930.1959497   4457.5355176
     390.000    8205.3488324   5047.2026715   4551.6560787
     400.000    8154.2942567   5163.6125670   4644.3910132
     410.000    8102.0785880   5279.4203529   4735.6976806
     420.000    8048.7078761   5394.6202038   4825.5419824
     430.000    7994.1882308   5509.2059983   4913.8978371
     440.000    7938.5258237   5623.1715235   5000.7466015
     450.000    7881.7268883   5736.5106444   5086.0764604
     460.000    7823.7977186   5849.2174398   5169.8818025
     470.000    7764.7446660   5961.2863107   5252.1625979
     480.000    7704.5741361   6072.7120643   5332.9237874
     490.000    7643.2925842   6183.4899772   5412.1746949
     500.000    7580.9065102   6293.6158399   5489.9284675
     510.000    7517.4224532   6403.0859867   5566.2015486
     520.000    7452.8469866   6511.8973130   5641.0131885
     530.000    7387.1867115   6620.0472812   5714.3849921
     540.000    7320.4482521   6727.5339184   5786.3405058
     550.000    7252.6382491   6834.3558077   5856.9048428
     560.000    7183.7633547   6940.5120725   5926.1043464
     570.000    7113.8302276   7046.0023579   5993.9662888
     580.000    7042.8455271   7150.8268079   6060.5186044
     590.000    6970.8159089   7254.9860405   6125.7896558
     600.000    6897.7480202   7358.4811217   6189.8080290
     610.000    6823.6484954   7461.3135374   6252.6023569
     620.000    6748.5239521   7563.4851664   6314.2011674
     630.000    6672.3809872   7664.9982518   6374.6327555
     640.000    6595.2261736   7765.8553738   6433.9250750
     650.000    6517.0660567   7866.0594229   6492.1056494
     660.000    6437.9071515   7965.6135737   6549.2014995
     670.000    6357.7559401   8064.5212597   6605.2390852
     680.000    6276.6188690   8162.7861494   6660.2442606
     690.000    6194.5023469   8260.4121235   6714.2422401
     700.000    6111.4127427   8357.4032532   6767.2575742
     710.000    6027.3563838   8453.7637801   6819.3141343
     720.000    5942.3395545   8549.4980967   6870.4351043
     730.000    5856.3684942   8644.6107288   6920.6429780
     740.000    5769.4493967   8739.1063190   6969.9595626
     750.000    5681.5884088   8832.9896109   7018.4059854
     760.000    5592.7916294   8926.2654353   7066.0027048
     770.000    5503.0651087   9018.9386963   7112.7695240
     780.000    5412.4148475   9111.0143600   7158.7256066
     790.000    5320.8467968   9202.4974426   7203.8894942
     800.000    5228.3668570   9293.3930004   7248.2791254
     810.000    5134.9808782   9383.7061207   7291.9118556
     820.000    5040.6946591   9473.4419128   7334.8044773
     830.000    4945.5139473   9562.6055005   7376.9732410
     840.000    4849.4444393   9651.2020151   7418.4338758
     850.000    4752.4917801   9739.2365888   7459.2016102
     860.000    4654.6615636   9826.7143490   7499.2911926
     870.000    4555.9593321   9913.6404132   7538.7169113
     880.000    4456.3905773  10000.0198841   7577.4926142
     890.000    4355.9607395  10085.8578455   7615.6317277
     900.000    4254.6752085  10171.1593587   7653.1472751
     910.000    4152.5393237  10255.9294587   7690.0518943
     920.000    4049.5583740  10340.1731518   7726.3578550
     930.000    3945.7375987  10423.8954126   7762.0770746
     940.000    3841.0821874  10507.1011815   7797.2211343
     950.000    3735.5972804  10589.7953633   7831.8012932
     960.000    3629.2879692  10671.9828246   7865.8285031
     970.000    3522.1592969  10753.6683929   7899.3134217
     980.000    3414.2162584  10834.8568549   7932.2664250
     990.000    3305.4638010  10915.5529557   7964.6976197
    1000.000    3195.9068248  10995.7613973   7996.6168543
