calculating mesh of size 121212 for produ_traj_1000.mfpx
       0.000    9192.9771222      0.0000000      0.0000000
      10.000    9192.9228495     20.5939102     53.4896330
      20.000    9192.3427520    104.9275997    220.8265274
      30.000    9190.6808288    232.5719664    423.8674793
      40.000    9187.6196204    382.0423043    622.6050421
      50.000    9183.0091486    540.9561731    805.7337217
      60.000    9176.7908550    702.8661734    972.9901322
      70.000    9168.9526848    864.5707325   1127.0028556
      80.000    9159.5053471   1024.5293008   1270.4357124
      90.000    9148.4703361   1182.0296917   1405.3479177
     100.000    9135.8739625   1336.7740905   1533.2660352
     110.000    9121.7443316   1488.6790312   1655.3873656
     120.000    9106.1097396   1637.7788768   1772.7312018
     130.000    9088.9977642   1784.1770558   1886.2119737
     140.000    9070.4347229   1928.0186979   1996.6586299
     150.000    9050.4453490   2069.4730881   2104.8093442
     160.000    9029.0526156   2208.7212121   2211.3010584
     170.000    9006.2776669   2345.9465476   2316.6631503
     180.000    8982.1398288   2481.3283146   2421.3177383
     190.000    8956.6566770   2615.0367333   2525.5857739
     200.000    8929.8441434   2747.2299179   2629.6969694
     210.000    8901.7166472   2878.0520682   2733.8016451
     220.000    8872.2872389   3007.6326491   2837.9830436
     230.000    8841.5677490   3136.0862929   2942.2691805
     240.000    8809.5689340   3263.5132078   3046.6437181
     250.000    8776.3006174   3389.9999233   3151.0556396
     260.000    8741.7718222   3515.6202446   3255.4276792
     270.000    8705.9908922   3640.4363230   3359.6635585
     280.000    8668.9656035   3764.4997738   3463.6541239
     290.000    8630.7032639   3887.8527967   3567.2824954
     300.000    8591.2108019   4010.5292656   3670.4283340
     310.000    8550.4948444   4132.5557658   3772.9713314
     320.000    8508.5617850   4253.9525675   3874.7940133
     330.000    8465.4178421   4374.7345256   3975.7839413
     340.000    8421.0691093   4494.9119028   4075.8353903
     350.000    8375.5215975   4614.4911159   4174.8505714
     360.000    8328.7812698   4733.4754053   4272.7404640
     370.000    8280.8540701   4851.8654309   4369.4253172
     380.000    8231.7459465   4969.6597986   4464.8348745
     390.000    8181.4628695   5086.8555204   4558.9083690
     400.000    8130.0108454   5203.4484146   4651.5943361
     410.000    8077.3959273   5319.4334492   4742.8502807
     420.000    8023.6242212   5434.8050352   4832.6422347
     430.000    7968.7018911   5549.5572738   4920.9442348
     440.000    7912.6351603   5663.6841623   5007.7377468
     450.000    7855.4303121   5777.1797635   5093.0110568
     460.000    7797.0936884   5890.0383435   5176.7586495
     470.000    7737.6316868   6002.2544805   5258.9805863
     480.000    7677.0507571   6113.8231497   5339.6818967
     490.000    7615.3573973   6224.7397867   5418.8719907
     500.000    7552.5581484   6335.0003334   5496.5640991
     510.000    7488.6595894   6444.6012683   5572.7747481
     520.000    7423.6683317   6553.5396237   5647.5232686
     530.000    7357.5910136   6661.8129930   5720.8313450
     540.000    7290.4342947   6769.4195284   5792.7226014
     550.000    7222.2048502   6876.3579324   5863.2222272
     560.000    7152.9093657   6982.6274429   5932.3566398
     570.000    7082.5545319   7088.2278146   6000.1531837
     580.000    7011.1470391   7193.1592966   6066.6398632
     590.000    6938.6935732   7297.4226081   6131.8451085
     600.000    6865.2008104   7401.0189117   6195.7975706
     610.000    6790.6754131   7503.9497869   6258.5259448
     620.000    6715.1240262   7606.2172018   6320.0588188
     630.000    6638.5532729   7707.8234860   6380.4245442
     640.000    6560.9697514   7808.7713027   6439.6511287
     650.000    6482.3800319   7909.0636224   6497.7661468
     660.000    6402.7906531   8008.7036969   6554.7966673
     670.000    6322.2081204   8107.6950341   6610.7691951
     680.000    6240.6389025   8206.0413740   6665.7096265
     690.000    6158.0894298   8303.7466665   6719.6432152
     700.000    6074.5660922   8400.8150497   6772.5945482
     710.000    5990.0752375   8497.2508292   6824.5875308
     720.000    5904.6231695   8593.0584599   6875.6453778
     730.000    5818.2161468   8688.2425274   6925.7906119
     740.000    5730.8603818   8782.8077322   6975.0450662
     750.000    5642.5620391   8876.7588738   7023.4298918
     760.000    5553.3272349   8970.1008370   7070.9655688
     770.000    5463.1620364   9062.8385780   7117.6719197
     780.000    5372.0724607   9154.9771132   7163.5681254
     790.000    5280.0644746   9246.5215073   7208.6727430
     800.000    5187.1439940   9337.4768639   7253.0037247
     810.000    5093.3168837   9427.8483153   7296.5784379
     820.000    4998.5889569   9517.6410148   7339.4136853
     830.000    4902.9659754   9606.8601287   7381.5257261
     840.000    4806.4536490   9695.5108290   7422.9302968
     850.000    4709.0576362   9783.5982876   7463.6426320
     860.000    4610.7835435   9871.1276701   7503.6774847
     870.000    4511.6369259   9958.1041309   7543.0491471
     880.000    4411.6232869  10044.5328085   7581.7714694
     890.000    4310.7480786  10130.4188212   7619.8578797
     900.000    4209.0167023  10215.7672637   7657.3214020
     910.000    4106.4345084  10300.5832034   7694.1746739
     920.000    4003.0067965  10384.8716777   7730.4299641
     930.000    3898.7388163  10468.6376913   7766.0991884
     940.000    3793.6357676  10551.8862140   7801.1939254
     950.000    3687.7028006  10634.6221787   7835.7254315
     960.000    3580.9450163  10716.8504794   7869.7046549
     970.000    3473.3674670  10798.5759701   7903.1422492
     980.000    3364.9751568  10879.8034631   7936.0485859
     990.000    3255.7730418  10960.5377280   7968.4337669
    1000.000    3145.7660306  11040.7834910   8000.3076355
