calculating mesh of size 121212 for produ_traj_1000.mfpx
       0.000    9198.0001953      0.0000000      0.0000000
      10.000    9197.9714660     12.6822604     40.5019500
      20.000    9197.5314585     85.2391414    199.7408803
      30.000    9196.1152890    203.4833639    398.9575247
      40.000    9193.3831588    345.6315464    596.9799174
      50.000    9189.1661569    498.9239876    781.2376621
      60.000    9183.3906121    656.5423279    950.5766802
      70.000    9176.0327745    814.9761126   1107.0799497
      80.000    9167.0944072    972.4425654   1253.0835874
      90.000    9156.5901922   1128.0428079   1390.4532745
     100.000    9144.5412676   1281.3359900   1520.6108105
     110.000    9130.9718197   1432.1295870   1644.7079335
     120.000    9115.9071788   1580.3751998   1763.7557206
     130.000    9099.3726790   1726.1136866   1878.6819737
     140.000    9081.3929396   1869.4429873   1990.3400179
     150.000    9061.9914063   2010.4968399   2099.4967778
     160.000    9041.1900745   2149.4294626   2206.8184202
     170.000    9019.0093435   2286.4041701   2312.8618858
     180.000    8995.4679701   2421.5849837   2418.0741460
     190.000    8970.5830933   2555.1306539   2522.7978993
     200.000    8944.3703081   2687.1906286   2627.2814805
     210.000    8916.8437727   2817.9025471   2731.6908950
     220.000    8888.0163341   2947.3908982   2836.1224238
     230.000    8857.8996623   3075.7665293   2940.6148035
     240.000    8826.5043868   3203.1267607   3045.1604312
     250.000    8793.8402294   3329.5559095   3149.7153502
     260.000    8759.9161306   3455.1260780   3254.2079611
     270.000    8724.7403672   3579.8980991   3358.5465049
     280.000    8688.3206595   3703.9225607   3462.6254114
     290.000    8650.6642689   3827.2408552   3566.3306268
     300.000    8611.7780847   3949.8862166   3669.5440298
     310.000    8571.6687001   4071.8847178   3772.1470436
     320.000    8530.3424797   4193.2562141   3874.0235398
     330.000    8487.8056170   4314.0152203   3975.0621213
     340.000    8444.0641833   4434.1717169   4075.1578653
     350.000    8399.1241700   4553.7318836   4174.2135986
     360.000    8352.9915230   4672.6987588   4272.1407717
     370.000    8305.6721707   4791.0728285   4368.8599941
     380.000    8257.1720474   4908.8525468   4464.3012842
     390.000    8207.4971112   5026.0347924   4558.4040861
     400.000    8156.6533574   5142.6152648   4651.1170983
     410.000    8104.6468288   5258.5888257   4742.3979534
     420.000    8051.4836228   5373.9497903   4832.2127855
     430.000    7997.1698950   5488.6921727   4920.5357158
     440.000    7941.7118616   5602.8098913   5007.3482819
     450.000    7885.1157994   5716.2969365   5092.6388341
     460.000    7827.3880445   5829.1475082   5176.4019164
     470.000    7768.5349891   5941.3561240   5258.6376472
     480.000    7708.5630788   6052.9177034   5339.3511120
     490.000    7647.4788073   6163.8276312   5418.5517771
     500.000    7585.2887121   6274.0818023   5496.2529309
     510.000    7521.9993691   6383.6766524   5572.4711578
     520.000    7457.6173869   6492.6091747   5647.2258493
     530.000    7392.1494015   6600.8769265   5720.5387512
     540.000    7325.6020706   6708.4780277   5792.4335508
     550.000    7257.9820676   6815.4111509   5862.9355015
     560.000    7189.2960768   6921.6755073   5932.0710858
     570.000    7119.5507877   7027.2708271   5999.8677134
     580.000    7048.7528897   7132.1973376   6066.3534544
     590.000    6976.9090680   7236.4557382   6131.5568046
     600.000    6904.0259982   7340.0471741   6195.5064802
     610.000    6830.1103426   7442.9732091   6258.2312406
     620.000    6755.1687456   7545.2357975   6319.7597371
     630.000    6679.2078304   7646.8372566   6380.1203832
     640.000    6602.2341954   7747.7802391   6439.3412473
     650.000    6524.2544107   7848.0677064   6497.4499628
     660.000    6445.2750155   7947.7029022   6554.4736556
     670.000    6365.3025153   8046.6893278   6610.4388856
     680.000    6284.3433791   8145.0307176   6665.3716021
     690.000    6202.4040379   8242.7310170   6719.2971095
     700.000    6119.4908820   8339.7943602   6772.2400434
     710.000    6035.6102596   8436.2250501   6824.2243551
     720.000    5950.7684750   8532.0275394   6875.2733034
     730.000    5864.9717875   8627.2064125   6925.4094524
     740.000    5778.2264098   8721.7663689   6974.6546743
     750.000    5690.5385072   8815.7122078   7023.0301571
     760.000    5601.9141964   8909.0488142   7070.5564154
     770.000    5512.3595452   9001.7811451   7117.2533039
     780.000    5421.8805711   9093.9142177   7163.1400337
     790.000    5330.4832415   9185.4530982   7208.2351898
     800.000    5238.1734727   9276.4028917   7252.5567503
     810.000    5144.9571301   9366.7687325   7296.1221064
     820.000    5050.8400274   9456.5557759   7338.9480827
     830.000    4955.8279267   9545.7691905   7381.0509586
     840.000    4859.9265384   9634.4141507   7422.4464888
     850.000    4763.1415213   9722.4958310   7463.1499246
     860.000    4665.4784822   9810.0193996   7503.1760341
     870.000    4566.9429765   9896.9900136   7542.5391227
     880.000    4467.5405080   9983.4128142   7581.2530531
     890.000    4367.2765292  10069.2929227   7619.3312637
     900.000    4266.1564415  10154.6354363   7656.7867880
     910.000    4164.1855955  10239.4454254   7693.6322718
     920.000    4061.3692913  10323.7279303   7729.8799909
     930.000    3957.7127785  10407.4879583   7765.5418670
     940.000    3853.2212571  10490.7304821   7800.6294837
     950.000    3747.8998774  10573.4604372   7835.1541015
     960.000    3641.7537406  10655.6827204   7869.1266718
     970.000    3534.7878991  10737.4021882   7902.5578505
     980.000    3427.0073568  10818.6236554   7935.4580108
     990.000    3318.4170700  10899.3518944   7967.8372557
    1000.000    3209.0219473  10979.5916335   7999.7054286
