calculating mesh of size 121212 for produ_traj_1000.mfpx
       0.000    9203.8806575      0.0000000      0.0000000
      10.000    9203.8362314     17.3448628     47.1372827
      20.000    9203.3202285     95.4619913    209.0156663
      30.000    9201.7821286    217.2943891    406.6218226
      40.000    9198.9018645    361.2151481    601.6285217
      50.000    9194.5243468    515.3605501    784.5149940
      60.000    9188.5813781    673.5794806    954.0787309
      70.000    9181.0501990    832.6135780   1111.4165980
      80.000    9171.9323166    990.7106232   1258.1573650
      90.000    9161.2422839   1146.9329881   1395.8781481
     100.000    9149.0015438   1300.7976923   1525.9685964
     110.000    9135.2349383   1452.0850477   1649.6559724
     120.000    9119.9686462   1600.7346545   1768.0520199
     130.000    9103.2289128   1746.7860750   1882.1755253
     140.000    9085.0412463   1890.3422914   1992.9510476
     150.000    9065.4299134   2031.5452817   2101.1973054
     160.000    9044.4176401   2170.5587256   2207.6163996
     170.000    9022.0254612   2307.5554799   2312.7892443
     180.000    8998.2726753   2442.7085819   2417.1780795
     190.000    8973.1768774   2576.1849844   2521.1346350
     200.000    8946.7540408   2708.1414183   2624.9118398
     210.000    8919.0186340   2838.7218836   2728.6771599
     220.000    8889.9837548   2968.0563558   2832.5261540
     230.000    8859.6612735   3096.2603699   2936.4953541
     240.000    8828.0619764   3223.4352192   3040.5739920
     250.000    8795.1957060   3349.6685651   3144.7143747
     260.000    8761.0714925   3475.0353078   3248.8408836
     270.000    8725.6976768   3599.5986071   3352.8576686
     280.000    8689.0820224   3723.4109763   3456.6551462
     290.000    8651.2318162   3846.5153927   3560.1154285
     300.000    8612.1539585   3968.9463873   3663.1168043
     310.000    8571.8550420   4090.7310898   3765.5373871
     320.000    8530.3414213   4211.8902106   3867.2580345
     330.000    8487.6192719   4332.4389527   3968.1646308
     340.000    8443.6946413   4452.3878463   4068.1498192
     350.000    8398.5734921   4571.7435061   4167.1142602
     360.000    8352.2617371   4690.5093113   4264.9674836
     370.000    8304.7652693   4808.6860112   4361.6284002
     380.000    8256.0899849   4926.2722595   4457.0255283
     390.000    8206.2418021   5043.2650821   4551.0969867
     400.000    8155.2266752   5159.6602830   4643.7903018
     410.000    8103.0506053   5275.4527935   4735.0620669
     420.000    8049.7196471   5390.6369698   4824.8774918
     430.000    7995.2399136   5505.2068433   4913.2098715
     440.000    7939.6175782   5619.1563304   5000.0400023
     450.000    7882.8588750   5732.4794043   5085.3555652
     460.000    7824.9700976   5845.1702345   5169.1504967
     470.000    7765.9575963   5957.2232975   5251.4243605
     480.000    7705.8277747   6068.6334636   5332.1817331
     490.000    7644.5870856   6179.3960607   5411.4316104
     500.000    7582.2420260   6289.5069218   5489.1868447
     510.000    7518.7991318   6398.9624155   5565.4636141
     520.000    7454.2649726   6507.7594644   5640.2809294
     530.000    7388.6461458   6615.8955524   5713.6601797
     540.000    7321.9492713   6723.3687231   5785.6247158
     550.000    7254.1809858   6830.1775715   5856.1994742
     560.000    7185.3479372   6936.3212297   5925.4106377
     570.000    7115.4567797   7041.7993477   5993.2853327
     580.000    7044.5141683   7146.6120723   6059.8513609
     590.000    6972.5267542   7250.7600217   6125.1369642
     600.000    6899.5011803   7354.2442601   6189.1706184
     610.000    6825.4440765   7457.0662702   6251.9808557
     620.000    6750.3620561   7559.2279260   6313.5961123
     630.000    6674.2617118   7660.7314645   6374.0445988
     640.000    6597.1496120   7761.5794593   6433.3541922
     650.000    6519.0322981   7861.7747929   6491.5523456
     660.000    6439.9162812   7961.3206315   6548.6660151
     670.000    6359.8080391   8060.2203997   6604.7216018
     680.000    6278.7140146   8158.4777567   6659.7449056
     690.000    6196.6406125   8256.0965733   6713.7610915
     700.000    6113.5941980   8353.0809109   6766.7946649
     710.000    6029.5810951   8449.4350006   6818.8694561
     720.000    5944.6075843   8545.1632247   6870.0086111
     730.000    5858.6799018   8640.2700988   6920.2345898
     740.000    5771.8042380   8734.7602548   6969.5691681
     750.000    5683.9867366   8828.6384262   7018.0334453
     760.000    5595.2334934   8921.9094333   7065.6478544
     770.000    5505.5505555   9014.5781701   7112.4321756
     780.000    5414.9439210   9106.6495924   7158.4055517
     790.000    5323.4195381   9198.1287065   7203.5865062
     800.000    5230.9833045   9289.0205590   7247.9929612
     810.000    5137.6410675   9379.3302273   7291.6422576
     820.000    5043.3986235   9469.0628115   7334.5511752
     830.000    4948.2617178   9558.2234260   7376.7359532
     840.000    4852.2360445   9646.8171930   7418.2123113
     850.000    4755.3272464   9734.8492360   7458.9954696
     860.000    4657.5409151   9822.3246738   7499.1001697
     870.000    4558.8825912   9909.2486153   7538.5406942
     880.000    4459.3577642   9995.6261552   7577.3308864
     890.000    4358.9718725  10081.4623694   7615.4841691
     900.000    4257.7303043  10166.7623113   7653.0135629
     910.000    4155.6383971  10251.5310087   7689.9317042
     920.000    4052.7014383  10335.7734605   7726.2508614
     930.000    3948.9246655  10419.4946343   7761.9829519
     940.000    3844.3132668  10502.6994639   7797.1395572
     950.000    3738.8723810  10585.3928472   7831.7319377
     960.000    3632.6070984  10667.5796447   7865.7710467
     970.000    3525.5224607  10749.2646778   7899.2675439
     980.000    3417.6234615  10830.4527272   7932.2318080
     990.000    3308.9150470  10911.1485323   7964.6739487
    1000.000    3199.4021160  10991.3567896   7996.6038180
