calculating mesh of size 121212 for produ_traj_1000.mfpx
       0.000    9139.1087633      0.0000000      0.0000000
      10.000    9139.0231491     33.7239104     89.7920710
      20.000    9138.0966746    162.2743959    310.4883678
      30.000    9135.6526459    329.9470744    528.4548897
      40.000    9131.4591792    509.6578442    727.0162864
      50.000    9125.4531116    691.4541851    905.9995762
      60.000    9117.6371184    871.2183019   1068.4060309
      70.000    9108.0412474   1047.2655991   1217.5584551
      80.000    9096.7062292   1219.0012750   1356.1707901
      90.000    9083.6759612   1386.3219363   1486.2708765
     100.000    9068.9941295   1549.3439388   1609.3940087
     110.000    9052.7027000   1708.2820542   1726.7851299
     120.000    9034.8412382   1863.3958389   1839.5267291
     130.000    9015.4466000   2014.9647883   1948.5937271
     140.000    8994.5528047   2163.2749730   2054.8634536
     150.000    8972.1910159   2308.6102404   2159.1074319
     160.000    8948.3895980   2451.2456184   2261.9815952
     170.000    8923.1742307   2591.4422807   2364.0221913
     180.000    8896.5680669   2729.4439207   2465.6487321
     190.000    8868.5919204   2865.4744267   2567.1725836
     200.000    8839.2644701   2999.7366933   2668.8090272
     210.000    8808.6024729   3132.4123554   2770.6908316
     220.000    8776.6209735   3263.6622231   2872.8819141
     230.000    8743.3335092   3393.6272123   2975.3902148
     240.000    8708.7523026   3522.4296001   3078.1793292
     250.000    8672.8884406   3650.1744714   3181.1787304
     260.000    8635.7520386   3776.9512543   3284.2925787
     270.000    8597.3523900   3902.8352737   3387.4072081
     280.000    8557.6980986   4027.8892721   3490.3974118
     290.000    8516.7971981   4152.1648655   3593.1316620
     300.000    8474.6572555   4275.7039132   3695.4763904
     310.000    8431.2854629   4398.5397891   3797.2994481
     320.000    8386.6887161   4520.6985504   3898.4728491
     330.000    8340.8736824   4642.2000002   3998.8748915
     340.000    8293.8468583   4763.0586474   4098.3917413
     350.000    8245.6146181   4883.2845656   4196.9185555
     360.000    8196.1832544   5002.8841578   4294.3602121
     370.000    8145.5590111   5121.8608312   4390.6317102
     380.000    8093.7481106   5240.2155893   4485.6582972
     390.000    8040.7567752   5357.9475469   4579.3753730
     400.000    7986.5912433   5475.0543755   4671.7282167
     410.000    7931.2577826   5591.5326851   4762.6715758
     420.000    7874.7626984   5707.3783487   4852.1691536
     430.000    7817.1123398   5822.5867759   4940.1930237
     440.000    7758.3131031   5937.1531405   5026.7229975
     450.000    7698.3714334   6051.0725686   5111.7459672
     460.000    7637.2938241   6164.3402910   5195.2552408
     470.000    7575.0868151   6276.9517652   5277.2498834
     480.000    7511.7569904   6388.9027706   5357.7340766
     490.000    7447.3109741   6500.1894814   5436.7165040
     500.000    7381.7554264   6610.8085194   5514.2097695
     510.000    7315.0970390   6720.7569911   5590.2298516
     520.000    7247.3425298   6830.0325102   5664.7955982
     530.000    7178.4986382   6938.6332094   5737.9282615
     540.000    7108.5721196   7046.5577427   5809.6510745
     550.000    7037.5697401   7153.8052796   5879.9888675
     560.000    6965.4982718   7260.3754934   5948.9677239
     570.000    6892.3644875   7366.2685458   6016.6146746
     580.000    6818.1751560   7471.4850659   6082.9574264
     590.000    6742.9370377   7576.0261285   6148.0241246
     600.000    6666.6568800   7679.8932296   6211.8431460
     610.000    6589.3414134   7783.0882605   6274.4429206
     620.000    6510.9973475   7885.6134822   6335.8517787
     630.000    6431.6313678   7987.4714985   6396.0978215
     640.000    6351.2501319   8088.6652306   6455.2088127
     650.000    6269.8602668   8189.1978908   6513.2120898
     660.000    6187.4683661   8289.0729581   6570.1344904
     670.000    6104.0809872   8388.2941539   6626.0022952
     680.000    6019.7046495   8486.8654194   6680.8411826
     690.000    5934.3458315   8584.7908932   6734.6761955
     700.000    5848.0109699   8682.0748911   6787.5317174
     710.000    5760.7064570   8778.7218863   6839.4314570
     720.000    5672.4386401   8874.7364911   6890.3984405
     730.000    5583.2138194   8970.1234398   6940.4550094
     740.000    5493.0382474   9064.8875730   6989.6228236
     750.000    5401.9181276   9159.0338225   7037.9228692
     760.000    5309.8596139   9252.5671977   7085.3754690
     770.000    5216.8688096   9345.4927728   7132.0002964
     780.000    5122.9517673   9437.8156756   7177.8163914
     790.000    5028.1144878   9529.5410765   7222.8421779
     800.000    4932.3629201   9620.6741786   7267.0954830
     810.000    4835.7029611   9711.2202091   7310.5935567
     820.000    4738.1404554   9801.1844110   7353.3530920
     830.000    4639.6811948   9890.5720357   7395.3902459
     840.000    4540.3309191   9979.3883363   7436.7206596
     850.000    4440.0953150  10067.6385616   7477.3594797
     860.000    4338.9800173  10155.3279506   7517.3213780
     870.000    4236.9906081  10242.4617275   7556.6205717
     880.000    4134.1326174  10329.0450975   7595.2708427
     890.000    4030.4115235  10415.0832425   7633.2855564
     900.000    3925.8327528  10500.5813181   7670.6776798
     910.000    3820.4016803  10585.5444498   7707.4597993
     920.000    3714.1236300  10669.9777310   7743.6441372
     930.000    3607.0038750  10753.8862198   7779.2425679
     940.000    3499.0476381  10837.2749374   7814.2666332
     950.000    3390.2600922  10920.1488661   7848.7275569
     960.000    3280.6463603  11002.5129474   7882.6362588
     970.000    3170.2115164  11084.3720809   7916.0033679
     980.000    3058.9605856  11165.7311232   7948.8392346
     990.000    2946.8985449  11246.5948864   7981.1539430
    1000.000    2834.0303230  11326.9681378   8012.9573216
