calculating mesh of size 121212 for produ_traj_1000.mfpx
       0.000    9135.9412736      0.0000000      0.0000000
      10.000    9135.8586749     33.6837861     93.9321298
      20.000    9134.9017965    168.8750880    325.1921357
      30.000    9132.3573205    343.1322490    545.2105240
      40.000    9128.0077476    527.3383050    740.8710470
      50.000    9121.8104541    711.7558540    915.4255434
      60.000    9113.7838865    892.8669405   1073.7735258
      70.000    9103.9681429   1069.4974567   1219.8528600
      80.000    9092.4097569   1241.3927619   1356.3682212
      90.000    9079.1557487   1408.6536553   1485.1417546
     100.000    9064.2513615   1571.5125711   1607.4892187
     110.000    9047.7392440   1730.2478775   1724.4777788
     120.000    9029.6591726   1885.1526797   1837.0602464
     130.000    9010.0479711   2036.5231905   1946.1216105
     140.000    8988.9395106   2184.6529334   2052.4785788
     150.000    8966.3647593   2329.8282197   2156.8625867
     160.000    8942.3518763   2472.3239503   2259.9035043
     170.000    8916.9263442   2612.3999159   2362.1209706
     180.000    8890.1111357   2750.2979053   2463.9242157
     190.000    8861.9269042   2886.2397755   2565.6185327
     200.000    8832.3921884   3020.4264668   2667.4159083
     210.000    8801.5236236   3153.0378320   2769.4476252
     220.000    8769.3361499   3284.2331073   2871.7772662
     230.000    8735.8432145   3414.1518468   2974.4131400
     240.000    8701.0569625   3542.9151649   3077.3196109
     250.000    8664.9884139   3670.6271620   3180.4271170
     260.000    8627.6476268   3797.3764372   3283.6408462
     270.000    8589.0438441   3923.2376187   3386.8481370
     280.000    8549.1856263   4048.2728639   3489.9247136
     290.000    8508.0809685   4172.5332960   3592.7398780
     300.000    8465.7374040   4296.0603579   3695.1607801
     310.000    8422.1620950   4418.8870702   3797.0558768
     320.000    8377.3619106   4541.0391875   3898.2976820
     330.000    8331.3434942   4662.5362527   3998.7648978
     340.000    8284.1133209   4783.3925479   4098.3440110
     350.000    8235.6777458   4903.6179483   4196.9304283
     360.000    8186.0430438   5023.2186816   4294.4292185
     370.000    8135.2154433   5142.1979983   4390.7555246
     380.000    8083.2011522   5260.5567613   4485.8347004
     390.000    8030.0063798   5378.2939580   4579.6022240
     400.000    7975.6373529   5495.4071439   4672.0034317
     410.000    7920.1003285   5611.8928230   4762.9931137
     420.000    7863.4016022   5727.7467707   4852.5350058
     430.000    7805.5475145   5842.9643065   4940.6012084
     440.000    7746.5444538   5957.5405211   5027.1715569
     450.000    7686.3988583   6071.4704635   5112.2329671
     460.000    7625.1172149   6184.7492931   5195.7787712
     470.000    7562.7060582   6297.3724010   5277.8080609
     480.000    7499.1719670   6409.3355052   5358.3250471
     490.000    7434.5215611   6520.6347227   5437.3384459
     500.000    7368.7614970   6631.2666224   5514.8608967
     510.000    7301.8984629   6741.2282618   5590.9084172
     520.000    7233.9391741   6850.5172090   5665.4998970
     530.000    7164.8903675   6959.1315551   5738.6566330
     540.000    7094.7587963   7067.0699149   5810.4019049
     550.000    7023.5512254   7174.3314223   5880.7605917
     560.000    6951.2744253   7280.9157178   5949.7588275
     570.000    6877.9351680   7386.8229325   6017.4236944
     580.000    6803.5402217   7492.0536680   6083.7829516
     590.000    6728.0963461   7596.6089735   6148.8647971
     600.000    6651.6102888   7700.4903217   6212.6976609
     610.000    6574.0887800   7803.6995826   6275.3100256
     620.000    6495.5385300   7906.2389978   6336.7302738
     630.000    6415.9662243   8008.1111536   6396.9865585
     640.000    6335.3785214   8109.3189550   6456.1066945
     650.000    6253.7820491   8209.8656001   6514.1180689
     660.000    6171.1834018   8309.7545547   6571.0475685
     670.000    6087.5891380   8408.9895285   6626.9215214
     680.000    6003.0057780   8507.5744523   6681.7656524
     690.000    5917.4398020   8605.5134552   6735.6050492
     700.000    5830.8976477   8702.8108447   6788.4641389
     710.000    5743.3857090   8799.4710866   6840.3666721
     720.000    5654.9103344   8895.4987867   6891.3357157
     730.000    5565.4778259   8990.8986738   6941.3936501
     740.000    5475.0944376   9085.6755833   6990.5621728
     750.000    5383.7663745   9179.8344430   7038.8623059
     760.000    5291.4997922   9273.3802585   7086.3144067
     770.000    5198.3007959   9366.3181012   7132.9381819
     780.000    5104.1754397   9458.6530964   7178.7527030
     790.000    5009.1297262   9550.3904123   7223.7764245
     800.000    4913.1696063   9641.5352507   7268.0272025
     810.000    4816.3009787   9732.0928376   7311.5223144
     820.000    4718.5296896   9822.0684152   7354.2784799
     830.000    4619.8615329   9911.4672346   7396.3118810
     840.000    4520.3022499  10000.2945486   7437.6381831
     850.000    4419.8575295  10088.5556064   7478.2725555
     860.000    4318.5330079  10176.2556472   7518.2296920
     870.000    4216.3342692  10263.3998961   7557.5238303
     880.000    4113.2668452  10349.9935590   7596.1687722
     890.000    4009.3362160  10436.0418190   7634.1779018
     900.000    3904.5478097  10521.5498327   7671.5642039
     910.000    3798.9070031  10606.5227273   7708.3402818
     920.000    3692.4191219  10690.9655975   7744.5183740
     930.000    3585.0894410  10774.8835030   7780.1103700
     940.000    3476.9231849  10858.2814669   7815.1278263
     950.000    3367.9255282  10941.1644732   7849.5819803
     960.000    3258.1015955  11023.5374653   7883.4837649
     970.000    3147.4564626  11105.4053450   7916.8438214
     980.000    3035.9951561  11186.7729708   7949.6725120
     990.000    2923.7226546  11267.6451569   7981.9799318
    1000.000    2810.6438886  11348.0266728   8013.7759200
